<?xml version="1.0" encoding="UTF-8"?>
<!-- Generated by org.testng.reporters.JUnitReportReporter -->
<testsuite skipped="0" hostname="raj-Aspire-E5-575G" name="testng_demo.TestEx3" tests="3" failures="0" timestamp="2022-08-05T10:34:16 IST" time="0.012" errors="0">
  <testcase name="testAddWithDataProviders" time="0.007" classname="testng_demo.TestEx3"/>
  <system-out/>
  <testcase name="testAddWithDataProviders" time="0.003" classname="testng_demo.TestEx3"/>
  <system-out/>
  <testcase name="testAddWithDataProviders" time="0.002" classname="testng_demo.TestEx3"/>
  <system-out/>
</testsuite> <!-- testng_demo.TestEx3 -->
