<?xml version="1.0" encoding="UTF-8"?>
<!-- Generated by org.testng.reporters.JUnitReportReporter -->
<testsuite skipped="0" hostname="raj-Aspire-E5-575G" name="testng_demo.TestEx2" tests="3" failures="0" timestamp="2022-08-05T10:26:19 IST" time="0.011" errors="0">
  <testcase name="m1" time="0.007" classname="testng_demo.TestEx2"/>
  <system-out/>
  <testcase name="m3" time="0.001" classname="testng_demo.TestEx2"/>
  <system-out/>
  <testcase name="m2" time="0.003" classname="testng_demo.TestEx2"/>
  <system-out/>
</testsuite> <!-- testng_demo.TestEx2 -->
