<?xml version="1.0" encoding="UTF-8"?>
<!-- Generated by org.testng.reporters.JUnitReportReporter -->
<testsuite skipped="1" hostname="raj-Aspire-E5-575G" name="testng_demo.CalTest" tests="2" failures="0" timestamp="2022-08-05T10:46:37 IST" time="0.008" errors="0">
  <testcase name="mulTest" time="0.002" classname="testng_demo.CalTest">
    <skipped/>
  </testcase> <!-- mulTest -->
  <system-out/>
  <testcase name="addTest" time="0.006" classname="testng_demo.CalTest"/>
  <system-out/>
</testsuite> <!-- testng_demo.CalTest -->
