<?xml version="1.0" encoding="UTF-8"?>
<!-- Generated by org.testng.reporters.JUnitReportReporter -->
<testsuite skipped="0" hostname="raj-Aspire-E5-575G" name="testcase.LoginTest" tests="3" failures="0" timestamp="2022-08-05T10:06:52 IST" time="35.580" errors="0">
  <testcase name="testLogin" time="12.217" classname="testcase.LoginTest"/>
  <system-out/>
  <testcase name="testLogin" time="10.633" classname="testcase.LoginTest"/>
  <system-out/>
  <testcase name="testLogin" time="12.730" classname="testcase.LoginTest"/>
  <system-out/>
</testsuite> <!-- testcase.LoginTest -->
